Windows fatal exception: access violation

Thread 0x00005500 (most recent call first):
  File "C:\Users\cho77175\Desktop\code\dope_ui_new.py", line 540 in update_data_loop
  File "C:\Python312-32\Lib\threading.py", line 989 in run
  File "C:\Python312-32\Lib\threading.py", line 1052 in _bootstrap_inner
  File "C:\Python312-32\Lib\threading.py", line 1009 in _bootstrap

Current thread 0x00003bf4 (most recent call first):
  File "C:\Users\cho77175\Desktop\code\dope_ui_new.py", line 851 in <module>
Windows fatal exception: access violation

Thread 0x00004dcc (most recent call first):
  File "C:\Users\cho77175\Desktop\code\dope_ui_new.py", line 552 in update_data_loop
  File "C:\Python312-32\Lib\threading.py", line 989 in run
  File "C:\Python312-32\Lib\threading.py", line 1052 in _bootstrap_inner
  File "C:\Python312-32\Lib\threading.py", line 1009 in _bootstrap

Current thread 0x00004dd8 (most recent call first):
  File "C:\Users\cho77175\Desktop\code\dope_ui_new.py", line 905 in <module>
Windows fatal exception: access violation

Thread 0x00003554 (most recent call first):
  File "C:\Users\cho77175\Desktop\code\dope_ui_new.py", line 552 in update_data_loop
  File "C:\Python312-32\Lib\threading.py", line 989 in run
  File "C:\Python312-32\Lib\threading.py", line 1052 in _bootstrap_inner
  File "C:\Python312-32\Lib\threading.py", line 1009 in _bootstrap

Current thread 0x00000b94 (most recent call first):
  File "C:\Users\cho77175\Desktop\code\dope_ui_new.py", line 905 in <module>
